# JRE version: Java(TM) SE Runtime Environment 18.9 (11.0.17+10) (build 11.0.17+10-LTS-269)
# Java VM: Java HotSpot(TM) 64-Bit Server VM 18.9 (11.0.17+10-LTS-269, mixed mode, tiered, compressed oops, g1 gc, windows-amd64)
Heap:
 garbage-first heap   total 147456K, used 13386K [0x0000000089800000, 0x0000000100000000)
  region size 1024K, 5 young (5120K), 5 survivors (5120K)
 Metaspace       used 33448K, capacity 34361K, committed 34608K, reserved 1079296K
  class space    used 4088K, capacity 4480K, committed 4480K, reserved 1048576K
GC Heap History (9 events):
Event: 0.723 GC heap before
{Heap before GC invocations=0 (full 0):
 garbage-first heap   total 122880K, used 22528K [0x0000000089800000, 0x0000000100000000)
  region size 1024K, 22 young (22528K), 0 survivors (0K)
 Metaspace       used 11681K, capacity 11927K, committed 12032K, reserved 1060864K
  class space    used 1141K, capacity 1213K, committed 1280K, reserved 1048576K
}
Event: 0.729 GC heap after
{Heap after GC invocations=1 (full 0):
 garbage-first heap   total 122880K, used 6698K [0x0000000089800000, 0x0000000100000000)
  region size 1024K, 3 young (3072K), 3 survivors (3072K)
 Metaspace       used 11681K, capacity 11927K, committed 12032K, reserved 1060864K
  class space    used 1141K, capacity 1213K, committed 1280K, reserved 1048576K
}
Event: 1.576 GC heap before
{Heap before GC invocations=1 (full 0):
 garbage-first heap   total 122880K, used 55850K [0x0000000089800000, 0x0000000100000000)
  region size 1024K, 52 young (53248K), 3 survivors (3072K)
 Metaspace       used 20498K, capacity 21083K, committed 21120K, reserved 1069056K
  class space    used 2232K, capacity 2423K, committed 2432K, reserved 1048576K
}
Event: 1.585 GC heap after
{Heap after GC invocations=2 (full 0):
 garbage-first heap   total 122880K, used 9690K [0x0000000089800000, 0x0000000100000000)
  region size 1024K, 6 young (6144K), 6 survivors (6144K)
 Metaspace       used 20498K, capacity 21083K, committed 21120K, reserved 1069056K
  class space    used 2232K, capacity 2423K, committed 2432K, reserved 1048576K
}
Event: 1.611 GC heap before
{Heap before GC invocations=2 (full 0):
 garbage-first heap   total 122880K, used 10714K [0x0000000089800000, 0x0000000100000000)
  region size 1024K, 8 young (8192K), 6 survivors (6144K)
 Metaspace       used 20619K, capacity 21177K, committed 21296K, reserved 1069056K
  class space    used 2244K, capacity 2432K, committed 2432K, reserved 1048576K
}
Event: 1.619 GC heap after
{Heap after GC invocations=3 (full 0):
 garbage-first heap   total 122880K, used 9723K [0x0000000089800000, 0x0000000100000000)
  region size 1024K, 3 young (3072K), 3 survivors (3072K)
 Metaspace       used 20619K, capacity 21177K, committed 21296K, reserved 1069056K
  class space    used 2244K, capacity 2432K, committed 2432K, reserved 1048576K
}
Event: 2.367 GC heap before
{Heap before GC invocations=4 (full 0):
 garbage-first heap   total 122880K, used 56827K [0x0000000089800000, 0x0000000100000000)
  region size 1024K, 49 young (50176K), 3 survivors (3072K)
 Metaspace       used 25802K, capacity 26607K, committed 26800K, reserved 1073152K
  class space    used 2932K, capacity 3280K, committed 3328K, reserved 1048576K
}
Event: 2.375 GC heap after
{Heap after GC invocations=5 (full 0):
 garbage-first heap   total 122880K, used 11371K [0x0000000089800000, 0x0000000100000000)
  region size 1024K, 5 young (5120K), 5 survivors (5120K)
 Metaspace       used 25802K, capacity 26607K, committed 26800K, reserved 1073152K
  class space    used 2932K, capacity 3280K, committed 3328K, reserved 1048576K
}
Event: 3.205 GC heap before
{Heap before GC invocations=5 (full 0):
 garbage-first heap   total 122880K, used 63595K [0x0000000089800000, 0x0000000100000000)
  region size 1024K, 56 young (57344K), 5 survivors (5120K)
 Metaspace       used 33448K, capacity 34361K, committed 34608K, reserved 1079296K
  class space    used 4088K, capacity 4480K, committed 4480K, reserved 1048576K
}

