# JRE version: Java(TM) SE Runtime Environment 18.9 (11.0.17+10) (build 11.0.17+10-LTS-269)
# Java VM: Java HotSpot(TM) 64-Bit Server VM 18.9 (11.0.17+10-LTS-269, mixed mode, tiered, compressed oops, g1 gc, windows-amd64)
Heap:
 garbage-first heap   total 147456K, used 36268K [0x0000000089800000, 0x0000000100000000)
  region size 1024K, 28 young (28672K), 8 survivors (8192K)
 Metaspace       used 48891K, capacity 50033K, committed 50300K, reserved 1093632K
  class space    used 6143K, capacity 6613K, committed 6656K, reserved 1048576K
GC Heap History (10 events):
Event: 1.361 GC heap before
{Heap before GC invocations=1 (full 0):
 garbage-first heap   total 122880K, used 27111K [0x0000000089800000, 0x0000000100000000)
  region size 1024K, 23 young (23552K), 3 survivors (3072K)
 Metaspace       used 16569K, capacity 17031K, committed 17280K, reserved 1064960K
  class space    used 1758K, capacity 1902K, committed 1920K, reserved 1048576K
}
Event: 1.368 GC heap after
{Heap after GC invocations=2 (full 0):
 garbage-first heap   total 122880K, used 7818K [0x0000000089800000, 0x0000000100000000)
  region size 1024K, 2 young (2048K), 2 survivors (2048K)
 Metaspace       used 16569K, capacity 17031K, committed 17280K, reserved 1064960K
  class space    used 1758K, capacity 1902K, committed 1920K, reserved 1048576K
}
Event: 1.979 GC heap before
{Heap before GC invocations=2 (full 0):
 garbage-first heap   total 122880K, used 37514K [0x0000000089800000, 0x0000000100000000)
  region size 1024K, 33 young (33792K), 2 survivors (2048K)
 Metaspace       used 20608K, capacity 21178K, committed 21296K, reserved 1069056K
  class space    used 2243K, capacity 2432K, committed 2432K, reserved 1048576K
}
Event: 1.988 GC heap after
{Heap after GC invocations=3 (full 0):
 garbage-first heap   total 122880K, used 9630K [0x0000000089800000, 0x0000000100000000)
  region size 1024K, 3 young (3072K), 3 survivors (3072K)
 Metaspace       used 20608K, capacity 21178K, committed 21296K, reserved 1069056K
  class space    used 2243K, capacity 2432K, committed 2432K, reserved 1048576K
}
Event: 3.005 GC heap before
{Heap before GC invocations=4 (full 0):
 garbage-first heap   total 122880K, used 73118K [0x0000000089800000, 0x0000000100000000)
  region size 1024K, 65 young (66560K), 3 survivors (3072K)
 Metaspace       used 28083K, capacity 28874K, committed 29232K, reserved 1075200K
  class space    used 3242K, capacity 3586K, committed 3712K, reserved 1048576K
}
Event: 3.018 GC heap after
{Heap after GC invocations=5 (full 0):
 garbage-first heap   total 122880K, used 11719K [0x0000000089800000, 0x0000000100000000)
  region size 1024K, 5 young (5120K), 5 survivors (5120K)
 Metaspace       used 28083K, capacity 28874K, committed 29232K, reserved 1075200K
  class space    used 3242K, capacity 3586K, committed 3712K, reserved 1048576K
}
Event: 3.783 GC heap before
{Heap before GC invocations=5 (full 0):
 garbage-first heap   total 122880K, used 54727K [0x0000000089800000, 0x0000000100000000)
  region size 1024K, 48 young (49152K), 5 survivors (5120K)
 Metaspace       used 34818K, capacity 35673K, committed 35708K, reserved 1081344K
  class space    used 4231K, capacity 4606K, committed 4608K, reserved 1048576K
}
Event: 3.796 GC heap after
{Heap after GC invocations=6 (full 0):
 garbage-first heap   total 147456K, used 13223K [0x0000000089800000, 0x0000000100000000)
  region size 1024K, 6 young (6144K), 6 survivors (6144K)
 Metaspace       used 34818K, capacity 35673K, committed 35708K, reserved 1081344K
  class space    used 4231K, capacity 4606K, committed 4608K, reserved 1048576K
}
Event: 4.796 GC heap before
{Heap before GC invocations=7 (full 0):
 garbage-first heap   total 147456K, used 82855K [0x0000000089800000, 0x0000000100000000)
  region size 1024K, 74 young (75776K), 6 survivors (6144K)
 Metaspace       used 46456K, capacity 47570K, committed 47740K, reserved 1091584K
  class space    used 5832K, capacity 6302K, committed 6400K, reserved 1048576K
}
Event: 4.805 GC heap after
{Heap after GC invocations=8 (full 0):
 garbage-first heap   total 147456K, used 16812K [0x0000000089800000, 0x0000000100000000)
  region size 1024K, 8 young (8192K), 8 survivors (8192K)
 Metaspace       used 46456K, capacity 47570K, committed 47740K, reserved 1091584K
  class space    used 5832K, capacity 6302K, committed 6400K, reserved 1048576K
}

