# JRE version: Java(TM) SE Runtime Environment 18.9 (11.0.17+10) (build 11.0.17+10-LTS-269)
# Java VM: Java HotSpot(TM) 64-Bit Server VM 18.9 (11.0.17+10-LTS-269, mixed mode, tiered, compressed oops, g1 gc, windows-amd64)
Heap:
 garbage-first heap   total 147456K, used 15198K [0x0000000089800000, 0x0000000100000000)
  region size 1024K, 6 young (6144K), 6 survivors (6144K)
 Metaspace       used 36642K, capacity 37599K, committed 37760K, reserved 1089536K
  class space    used 4471K, capacity 4866K, committed 4992K, reserved 1048576K
GC Heap History (10 events):
Event: 1.084 GC heap before
{Heap before GC invocations=1 (full 0):
 garbage-first heap   total 122880K, used 24003K [0x0000000089800000, 0x0000000100000000)
  region size 1024K, 20 young (20480K), 3 survivors (3072K)
 Metaspace       used 16113K, capacity 16546K, committed 16768K, reserved 1064960K
  class space    used 1707K, capacity 1868K, committed 1920K, reserved 1048576K
}
Event: 1.089 GC heap after
{Heap after GC invocations=2 (full 0):
 garbage-first heap   total 122880K, used 7933K [0x0000000089800000, 0x0000000100000000)
  region size 1024K, 2 young (2048K), 2 survivors (2048K)
 Metaspace       used 16113K, capacity 16546K, committed 16768K, reserved 1064960K
  class space    used 1707K, capacity 1868K, committed 1920K, reserved 1048576K
}
Event: 1.581 GC heap before
{Heap before GC invocations=2 (full 0):
 garbage-first heap   total 122880K, used 41725K [0x0000000089800000, 0x0000000100000000)
  region size 1024K, 36 young (36864K), 2 survivors (2048K)
 Metaspace       used 20640K, capacity 21118K, committed 21248K, reserved 1069056K
  class space    used 2248K, capacity 2436K, committed 2560K, reserved 1048576K
}
Event: 1.586 GC heap after
{Heap after GC invocations=3 (full 0):
 garbage-first heap   total 122880K, used 9778K [0x0000000089800000, 0x0000000100000000)
  region size 1024K, 3 young (3072K), 3 survivors (3072K)
 Metaspace       used 20640K, capacity 21118K, committed 21248K, reserved 1069056K
  class space    used 2248K, capacity 2436K, committed 2560K, reserved 1048576K
}
Event: 2.563 GC heap before
{Heap before GC invocations=4 (full 0):
 garbage-first heap   total 122880K, used 76338K [0x0000000089800000, 0x0000000100000000)
  region size 1024K, 68 young (69632K), 3 survivors (3072K)
 Metaspace       used 28623K, capacity 29452K, committed 29568K, reserved 1075200K
  class space    used 3314K, capacity 3651K, committed 3712K, reserved 1048576K
}
Event: 2.574 GC heap after
{Heap after GC invocations=5 (full 0):
 garbage-first heap   total 122880K, used 11832K [0x0000000089800000, 0x0000000100000000)
  region size 1024K, 5 young (5120K), 5 survivors (5120K)
 Metaspace       used 28623K, capacity 29452K, committed 29568K, reserved 1075200K
  class space    used 3314K, capacity 3651K, committed 3712K, reserved 1048576K
}
Event: 3.233 GC heap before
{Heap before GC invocations=5 (full 0):
 garbage-first heap   total 122880K, used 51768K [0x0000000089800000, 0x0000000100000000)
  region size 1024K, 45 young (46080K), 5 survivors (5120K)
 Metaspace       used 34868K, capacity 35805K, committed 35840K, reserved 1081344K
  class space    used 4236K, capacity 4608K, committed 4608K, reserved 1048576K
}
Event: 3.244 GC heap after
{Heap after GC invocations=6 (full 0):
 garbage-first heap   total 147456K, used 13731K [0x0000000089800000, 0x0000000100000000)
  region size 1024K, 6 young (6144K), 6 survivors (6144K)
 Metaspace       used 34868K, capacity 35805K, committed 35840K, reserved 1081344K
  class space    used 4236K, capacity 4608K, committed 4608K, reserved 1048576K
}
Event: 3.348 GC heap before
{Heap before GC invocations=7 (full 0):
 garbage-first heap   total 147456K, used 18851K [0x0000000089800000, 0x0000000100000000)
  region size 1024K, 12 young (12288K), 6 survivors (6144K)
 Metaspace       used 36642K, capacity 37599K, committed 37760K, reserved 1087488K
  class space    used 4471K, capacity 4866K, committed 4992K, reserved 1048576K
}
Event: 3.356 GC heap after
{Heap after GC invocations=8 (full 0):
 garbage-first heap   total 147456K, used 15198K [0x0000000089800000, 0x0000000100000000)
  region size 1024K, 6 young (6144K), 6 survivors (6144K)
 Metaspace       used 36642K, capacity 37599K, committed 37760K, reserved 1087488K
  class space    used 4471K, capacity 4866K, committed 4992K, reserved 1048576K
}

